<?xml version="1.0" encoding="UTF-8"?>
<!-- Generated by org.testng.reporters.JUnitReportReporter -->
<testsuite hostname="DESKTOP-PT30BDG" failures="0" tests="2" name="restAssureTesting.NewTest" time="3.500" errors="0" timestamp="2024-05-31T00:30:05 EDT" skipped="0">
  <testcase classname="restAssureTesting.NewTest" name="testPojoPost" time="3.292"/>
  <system-out/>
  <testcase classname="restAssureTesting.NewTest" name="listOFUsers" time="0.208"/>
  <system-out/>
</testsuite> <!-- restAssureTesting.NewTest -->
